# JRE version: Java(TM) SE Runtime Environment (26.0+35) (build 26+35-2893)
# Java VM: Java HotSpot(TM) 64-Bit Server VM (26+35-2893, mixed mode, sharing, tiered, compressed oops, compressed class ptrs, g1 gc, windows-amd64)
GC Precious Log:
 CardTable entry size: 512
 Card Set container configuration: InlinePtr #cards 5 size 8 Array Of Cards #cards 10 size 36 Howl #buckets 4 coarsen threshold 1843 Howl Bitmap #cards 512 size 80 coarsen threshold 460 Card regions per heap region 1 cards per card region 2048
 CPUs: 12 total, 12 available
 Memory: 16068M
 Large Page Support: Disabled
 NUMA Support: Disabled
 Compressed Oops: Enabled (32-bit)
 Heap Region Size: 1M
 Heap Min Capacity: 8M
 Heap Initial Capacity: 8M
 Heap Max Capacity: 256M
 Pre-touch: Disabled
 Parallel Workers: 10
 Concurrent Workers: 3
 Concurrent Refinement Workers: 10
 Periodic GC: Disabled
Heap:
 garbage-first heap   total reserved 262144K, committed 88064K, used 14422K [0x00000000f0000000, 0x0000000100000000)
  region size 1M, 7 eden (7M), 2 survivor (2M), 8 old (8M), 0 humongous (0M), 69 free (69M)
GC Heap Usage History (18 events):
Event: 0.175 {heap Before GC invocations=0 (full 0):
 garbage-first heap   total reserved 262144K, committed 10240K, used 4259K [0x00000000f0000000, 0x0000000100000000)
  region size 1M, 4 eden (4M), 0 survivor (0M), 2 old (2M), 0 humongous (0M), 4 free (4M)
}
Event: 0.178 {heap After GC invocations=1 (full 0):
 garbage-first heap   total reserved 262144K, committed 10240K, used 2137K [0x00000000f0000000, 0x0000000100000000)
  region size 1M, 0 eden (0M), 1 survivor (1M), 2 old (2M), 0 humongous (0M), 7 free (7M)
}
Event: 0.209 {heap Before GC invocations=1 (full 0):
 garbage-first heap   total reserved 262144K, committed 10240K, used 5209K [0x00000000f0000000, 0x0000000100000000)
  region size 1M, 3 eden (3M), 1 survivor (1M), 2 old (2M), 0 humongous (0M), 4 free (4M)
}
Event: 0.212 {heap After GC invocations=2 (full 0):
 garbage-first heap   total reserved 262144K, committed 10240K, used 1664K [0x00000000f0000000, 0x0000000100000000)
  region size 1M, 0 eden (0M), 1 survivor (1M), 3 old (3M), 0 humongous (0M), 6 free (6M)
}
Event: 0.308 {heap Before GC invocations=2 (full 0):
 garbage-first heap   total reserved 262144K, committed 10240K, used 4736K [0x00000000f0000000, 0x0000000100000000)
  region size 1M, 3 eden (3M), 1 survivor (1M), 3 old (3M), 0 humongous (0M), 3 free (3M)
}
Event: 0.310 {heap After GC invocations=3 (full 0):
 garbage-first heap   total reserved 262144K, committed 30720K, used 2274K [0x00000000f0000000, 0x0000000100000000)
  region size 1M, 0 eden (0M), 1 survivor (1M), 3 old (3M), 0 humongous (0M), 26 free (26M)
}
Event: 0.748 {heap Before GC invocations=3 (full 0):
 garbage-first heap   total reserved 262144K, committed 30720K, used 14562K [0x00000000f0000000, 0x0000000100000000)
  region size 1M, 13 eden (13M), 1 survivor (1M), 3 old (3M), 0 humongous (0M), 13 free (13M)
}
Event: 0.750 {heap After GC invocations=4 (full 0):
 garbage-first heap   total reserved 262144K, committed 30720K, used 3419K [0x00000000f0000000, 0x0000000100000000)
  region size 1M, 0 eden (0M), 2 survivor (2M), 3 old (3M), 0 humongous (0M), 25 free (25M)
}
Event: 0.888 {heap Before GC invocations=4 (full 0):
 garbage-first heap   total reserved 262144K, committed 30720K, used 13659K [0x00000000f0000000, 0x0000000100000000)
  region size 1M, 10 eden (10M), 2 survivor (2M), 3 old (3M), 0 humongous (0M), 15 free (15M)
}
Event: 0.892 {heap After GC invocations=5 (full 0):
 garbage-first heap   total reserved 262144K, committed 30720K, used 5095K [0x00000000f0000000, 0x0000000100000000)
  region size 1M, 0 eden (0M), 2 survivor (2M), 5 old (5M), 0 humongous (0M), 23 free (23M)
}
Event: 1.066 {heap Before GC invocations=5 (full 0):
 garbage-first heap   total reserved 262144K, committed 30720K, used 16359K [0x00000000f0000000, 0x0000000100000000)
  region size 1M, 11 eden (11M), 2 survivor (2M), 5 old (5M), 0 humongous (0M), 12 free (12M)
}
Event: 1.070 {heap After GC invocations=6 (full 0):
 garbage-first heap   total reserved 262144K, committed 30720K, used 6927K [0x00000000f0000000, 0x0000000100000000)
  region size 1M, 0 eden (0M), 2 survivor (2M), 6 old (6M), 0 humongous (0M), 22 free (22M)
}
Event: 1.216 {heap Before GC invocations=6 (full 0):
 garbage-first heap   total reserved 262144K, committed 30720K, used 18191K [0x00000000f0000000, 0x0000000100000000)
  region size 1M, 12 eden (12M), 2 survivor (2M), 6 old (6M), 0 humongous (0M), 10 free (10M)
}
Event: 1.219 {heap After GC invocations=7 (full 0):
 garbage-first heap   total reserved 262144K, committed 30720K, used 7488K [0x00000000f0000000, 0x0000000100000000)
  region size 1M, 0 eden (0M), 1 survivor (1M), 8 old (8M), 0 humongous (0M), 21 free (21M)
}
Event: 1.339 {heap Before GC invocations=7 (full 0):
 garbage-first heap   total reserved 262144K, committed 30720K, used 18752K [0x00000000f0000000, 0x0000000100000000)
  region size 1M, 12 eden (12M), 1 survivor (1M), 8 old (8M), 0 humongous (0M), 9 free (9M)
}
Event: 1.341 {heap After GC invocations=8 (full 0):
 garbage-first heap   total reserved 262144K, committed 30720K, used 7794K [0x00000000f0000000, 0x0000000100000000)
  region size 1M, 0 eden (0M), 1 survivor (1M), 8 old (8M), 0 humongous (0M), 21 free (21M)
}
Event: 1.429 {heap Before GC invocations=8 (full 0):
 garbage-first heap   total reserved 262144K, committed 30720K, used 20082K [0x00000000f0000000, 0x0000000100000000)
  region size 1M, 13 eden (13M), 1 survivor (1M), 8 old (8M), 0 humongous (0M), 8 free (8M)
}
Event: 1.432 {heap After GC invocations=9 (full 0):
 garbage-first heap   total reserved 262144K, committed 88064K, used 8278K [0x00000000f0000000, 0x0000000100000000)
  region size 1M, 0 eden (0M), 2 survivor (2M), 8 old (8M), 0 humongous (0M), 76 free (76M)
}

