# JRE version: Java(TM) SE Runtime Environment (26.0+35) (build 26+35-2893)
# Java VM: Java HotSpot(TM) 64-Bit Server VM (26+35-2893, mixed mode, sharing, tiered, compressed oops, compressed class ptrs, g1 gc, windows-amd64)
GC Precious Log:
 CardTable entry size: 512
 Card Set container configuration: InlinePtr #cards 4 size 8 Array Of Cards #cards 16 size 48 Howl #buckets 8 coarsen threshold 3686 Howl Bitmap #cards 512 size 80 coarsen threshold 460 Card regions per heap region 1 cards per card region 4096
 CPUs: 12 total, 12 available
 Memory: 16068M
 Large Page Support: Disabled
 NUMA Support: Disabled
 Compressed Oops: Enabled (Zero based)
 Heap Region Size: 2M
 Heap Min Capacity: 8M
 Heap Initial Capacity: 8M
 Heap Max Capacity: 4018M
 Pre-touch: Disabled
 Parallel Workers: 10
 Concurrent Workers: 3
 Concurrent Refinement Workers: 10
 Periodic GC: Disabled
Heap:
 garbage-first heap   total reserved 4114432K, committed 92160K, used 13078K [0x0000000704e00000, 0x0000000800000000)
  region size 2M, 1 eden (2M), 1 survivor (2M), 6 old (12M), 1 humongous (2M), 36 free (72M)
GC Heap Usage History (20 events):
Event: 0.096 {heap Before GC invocations=1 (full 0):
 garbage-first heap   total reserved 4114432K, committed 10240K, used 4185K [0x0000000704e00000, 0x0000000800000000)
  region size 2M, 1 eden (2M), 1 survivor (2M), 1 old (2M), 0 humongous (0M), 2 free (4M)
}
Event: 0.099 {heap After GC invocations=2 (full 0):
 garbage-first heap   total reserved 4114432K, committed 10240K, used 1632K [0x0000000704e00000, 0x0000000800000000)
  region size 2M, 0 eden (0M), 1 survivor (2M), 1 old (2M), 0 humongous (0M), 3 free (6M)
}
Event: 0.141 {heap Before GC invocations=2 (full 0):
 garbage-first heap   total reserved 4114432K, committed 10240K, used 1632K [0x0000000704e00000, 0x0000000800000000)
  region size 2M, 1 eden (2M), 1 survivor (2M), 1 old (2M), 0 humongous (0M), 2 free (4M)
}
Event: 0.144 {heap After GC invocations=3 (full 0):
 garbage-first heap   total reserved 4114432K, committed 30720K, used 2235K [0x0000000704e00000, 0x0000000800000000)
  region size 2M, 0 eden (0M), 1 survivor (2M), 1 old (2M), 0 humongous (0M), 13 free (26M)
}
Event: 0.543 {heap Before GC invocations=3 (full 0):
 garbage-first heap   total reserved 4114432K, committed 30720K, used 14523K [0x0000000704e00000, 0x0000000800000000)
  region size 2M, 7 eden (14M), 1 survivor (2M), 1 old (2M), 0 humongous (0M), 6 free (12M)
}
Event: 0.546 {heap After GC invocations=4 (full 0):
 garbage-first heap   total reserved 4114432K, committed 30720K, used 3551K [0x0000000704e00000, 0x0000000800000000)
  region size 2M, 0 eden (0M), 1 survivor (2M), 2 old (4M), 0 humongous (0M), 12 free (24M)
}
Event: 0.752 {heap Before GC invocations=4 (full 0):
 garbage-first heap   total reserved 4114432K, committed 30720K, used 15839K [0x0000000704e00000, 0x0000000800000000)
  region size 2M, 6 eden (12M), 1 survivor (2M), 2 old (4M), 0 humongous (0M), 6 free (12M)
}
Event: 0.756 {heap After GC invocations=5 (full 0):
 garbage-first heap   total reserved 4114432K, committed 30720K, used 5075K [0x0000000704e00000, 0x0000000800000000)
  region size 2M, 0 eden (0M), 1 survivor (2M), 3 old (6M), 0 humongous (0M), 11 free (22M)
}
Event: 0.956 {heap Before GC invocations=5 (full 0):
 garbage-first heap   total reserved 4114432K, committed 30720K, used 15315K [0x0000000704e00000, 0x0000000800000000)
  region size 2M, 6 eden (12M), 1 survivor (2M), 3 old (6M), 0 humongous (0M), 5 free (10M)
}
Event: 0.959 {heap After GC invocations=6 (full 0):
 garbage-first heap   total reserved 4114432K, committed 30720K, used 6854K [0x0000000704e00000, 0x0000000800000000)
  region size 2M, 0 eden (0M), 1 survivor (2M), 3 old (6M), 0 humongous (0M), 11 free (22M)
}
Event: 1.155 {heap Before GC invocations=6 (full 0):
 garbage-first heap   total reserved 4114432K, committed 30720K, used 21190K [0x0000000704e00000, 0x0000000800000000)
  region size 2M, 7 eden (14M), 1 survivor (2M), 3 old (6M), 0 humongous (0M), 4 free (8M)
}
Event: 1.158 {heap After GC invocations=7 (full 0):
 garbage-first heap   total reserved 4114432K, committed 30720K, used 7356K [0x0000000704e00000, 0x0000000800000000)
  region size 2M, 0 eden (0M), 1 survivor (2M), 4 old (8M), 0 humongous (0M), 10 free (20M)
}
Event: 1.351 {heap Before GC invocations=7 (full 0):
 garbage-first heap   total reserved 4114432K, committed 30720K, used 21692K [0x0000000704e00000, 0x0000000800000000)
  region size 2M, 7 eden (14M), 1 survivor (2M), 4 old (8M), 0 humongous (0M), 3 free (6M)
}
Event: 1.353 {heap After GC invocations=8 (full 0):
 garbage-first heap   total reserved 4114432K, committed 30720K, used 7767K [0x0000000704e00000, 0x0000000800000000)
  region size 2M, 0 eden (0M), 1 survivor (2M), 4 old (8M), 0 humongous (0M), 10 free (20M)
}
Event: 1.509 {heap Before GC invocations=8 (full 0):
 garbage-first heap   total reserved 4114432K, committed 30720K, used 22103K [0x0000000704e00000, 0x0000000800000000)
  region size 2M, 7 eden (14M), 1 survivor (2M), 4 old (8M), 0 humongous (0M), 3 free (6M)
}
Event: 1.513 {heap After GC invocations=9 (full 0):
 garbage-first heap   total reserved 4114432K, committed 30720K, used 8646K [0x0000000704e00000, 0x0000000800000000)
  region size 2M, 0 eden (0M), 1 survivor (2M), 4 old (8M), 0 humongous (0M), 10 free (20M)
}
Event: 8.538 {heap Before GC invocations=9 (full 0):
 garbage-first heap   total reserved 4114432K, committed 30720K, used 22982K [0x0000000704e00000, 0x0000000800000000)
  region size 2M, 7 eden (14M), 1 survivor (2M), 4 old (8M), 1 humongous (2M), 2 free (4M)
}
Event: 8.545 {heap After GC invocations=10 (full 0):
 garbage-first heap   total reserved 4114432K, committed 92160K, used 11987K [0x0000000704e00000, 0x0000000800000000)
  region size 2M, 0 eden (0M), 1 survivor (2M), 5 old (10M), 1 humongous (2M), 38 free (76M)
}
Event: 44.811 {heap Before GC invocations=10 (full 0):
 garbage-first heap   total reserved 4114432K, committed 92160K, used 18131K [0x0000000704e00000, 0x0000000800000000)
  region size 2M, 2 eden (4M), 1 survivor (2M), 5 old (10M), 2 humongous (4M), 35 free (70M)
}
Event: 44.813 {heap After GC invocations=11 (full 0):
 garbage-first heap   total reserved 4114432K, committed 92160K, used 13078K [0x0000000704e00000, 0x0000000800000000)
  region size 2M, 0 eden (0M), 1 survivor (2M), 6 old (12M), 1 humongous (2M), 37 free (74M)
}

